[debug] [2024-06-21T18:16:55.356Z] ----------------------------------------------------------------------
[debug] [2024-06-21T18:16:55.361Z] Command:       C:\Program Files\nodejs\node.exe C:\Users\Administrator\AppData\Roaming\npm\node_modules\firebase-tools\lib\bin\firebase.js init
[debug] [2024-06-21T18:16:55.362Z] CLI Version:   13.11.3
[debug] [2024-06-21T18:16:55.362Z] Platform:      win32
[debug] [2024-06-21T18:16:55.362Z] Node Version:  v20.11.0
[debug] [2024-06-21T18:16:55.362Z] Time:          Fri Jun 21 2024 13:16:55 GMT-0500 (hora estándar de Colombia)
[debug] [2024-06-21T18:16:55.363Z] ----------------------------------------------------------------------
[debug] 
[debug] [2024-06-21T18:16:55.370Z] > command requires scopes: ["email","openid","https://www.googleapis.com/auth/cloudplatformprojects.readonly","https://www.googleapis.com/auth/firebase","https://www.googleapis.com/auth/cloud-platform"]
[debug] [2024-06-21T18:16:55.371Z] > authorizing via signed-in user (luis123445666@gmail.com)
[info] 
     ######## #### ########  ######## ########     ###     ######  ########
     ##        ##  ##     ## ##       ##     ##  ##   ##  ##       ##
     ######    ##  ########  ######   ########  #########  ######  ######
     ##        ##  ##    ##  ##       ##     ## ##     ##       ## ##
     ##       #### ##     ## ######## ########  ##     ##  ######  ########

You're about to initialize a Firebase project in this directory:

  D:\Portafolio Proyecto\Proyecto Compilado

[debug] [2024-06-21T18:17:21.541Z] ----------------------------------------------------------------------
[debug] [2024-06-21T18:17:21.546Z] Command:       C:\Program Files\nodejs\node.exe C:\Users\Administrator\AppData\Roaming\npm\node_modules\firebase-tools\lib\bin\firebase.js init hosting
[debug] [2024-06-21T18:17:21.547Z] CLI Version:   13.11.3
[debug] [2024-06-21T18:17:21.547Z] Platform:      win32
[debug] [2024-06-21T18:17:21.547Z] Node Version:  v20.11.0
[debug] [2024-06-21T18:17:21.547Z] Time:          Fri Jun 21 2024 13:17:21 GMT-0500 (hora estándar de Colombia)
[debug] [2024-06-21T18:17:21.547Z] ----------------------------------------------------------------------
[debug] 
[debug] [2024-06-21T18:17:21.555Z] > command requires scopes: ["email","openid","https://www.googleapis.com/auth/cloudplatformprojects.readonly","https://www.googleapis.com/auth/firebase","https://www.googleapis.com/auth/cloud-platform"]
[debug] [2024-06-21T18:17:21.556Z] > authorizing via signed-in user (luis123445666@gmail.com)
[info] 
     ######## #### ########  ######## ########     ###     ######  ########
     ##        ##  ##     ## ##       ##     ##  ##   ##  ##       ##
     ######    ##  ########  ######   ########  #########  ######  ######
     ##        ##  ##    ##  ##       ##     ## ##     ##       ## ##
     ##       #### ##     ## ######## ########  ##     ##  ######  ########

You're about to initialize a Firebase project in this directory:

  D:\Portafolio Proyecto\Proyecto Compilado

[info] 
=== Project Setup
[info] 
[info] First, let's associate this project directory with a Firebase project.
[info] You can create multiple project aliases by running firebase use --add, 
[info] but for now we'll just set up a default project.
[info] 
[debug] [2024-06-21T18:17:42.829Z] >>> [apiv2][query] GET https://firebase.googleapis.com/v1beta1/projects pageSize=100
[debug] [2024-06-21T18:17:43.230Z] <<< [apiv2][status] GET https://firebase.googleapis.com/v1beta1/projects 200
[debug] [2024-06-21T18:17:43.231Z] <<< [apiv2][body] GET https://firebase.googleapis.com/v1beta1/projects [omitted]
[info] i  Using project tecnickstoresite (tecnickstoresite) 
[info] 
=== Hosting Setup
[debug] [2024-06-21T18:17:47.134Z] >>> [apiv2][query] GET https://firebase.googleapis.com/v1beta1/projects/tecnickstoresite [none]
[debug] [2024-06-21T18:17:47.415Z] <<< [apiv2][status] GET https://firebase.googleapis.com/v1beta1/projects/tecnickstoresite 200
[debug] [2024-06-21T18:17:47.415Z] <<< [apiv2][body] GET https://firebase.googleapis.com/v1beta1/projects/tecnickstoresite {"projectId":"tecnickstoresite","projectNumber":"756023175039","displayName":"tecnickstoresite","name":"projects/tecnickstoresite","resources":{"hostingSite":"tecnickstoresite"},"state":"ACTIVE","etag":"1_bbd178bf-561a-4ef9-b754-ea4b9f3c94de"}
[info] 
[info] Your public directory is the folder (relative to your project directory) that
[info] will contain Hosting assets to be uploaded with firebase deploy. If you
[info] have a build process for your assets, use your build's output directory.
[info] 
